2017-06-12 14:56:36,307 INFO: No contract for this month and fut: /CME/GCG2020/  <class 'Exception'>, 23, No contract for this month [in futures_curve.py:29]
2017-06-12 14:56:36,428 INFO: No contract for this month and fut: /CME/GCH2020/  <class 'Exception'>, 23, No contract for this month [in futures_curve.py:29]
2017-06-12 14:56:36,608 INFO: No contract for this month and fut: /CME/GCJ2020/  <class 'Exception'>, 23, No contract for this month [in futures_curve.py:29]
2017-06-12 14:56:36,809 INFO: No contract for this month and fut: /CME/GCK2020/  <class 'Exception'>, 23, No contract for this month [in futures_curve.py:29]
2017-06-12 14:57:01,710 INFO: finance hub startup [in /home/ubuntu/workspace/finance/app/__init__.py:49]
2017-06-12 14:57:03,053 INFO: No contract for this month and fut: /CME/CM2017/  <class 'Exception'>, 23, No contract for this month [in futures_curve.py:29]
2017-06-12 14:57:03,431 INFO: No contract for this month and fut: /CME/CQ2017/  <class 'Exception'>, 23, No contract for this month [in futures_curve.py:29]
2017-06-12 14:57:03,785 INFO: No contract for this month and fut: /CME/CV2017/  <class 'Exception'>, 23, No contract for this month [in futures_curve.py:29]
2017-06-12 14:57:03,958 INFO: No contract for this month and fut: /CME/CX2017/  <class 'Exception'>, 23, No contract for this month [in futures_curve.py:29]
2017-06-12 14:57:04,201 INFO: No contract for this month and fut: /CME/CF2018/  <class 'Exception'>, 23, No contract for this month [in futures_curve.py:29]
2017-06-12 14:57:04,384 INFO: No contract for this month and fut: /CME/CG2018/  <class 'Exception'>, 23, No contract for this month [in futures_curve.py:29]
2017-06-12 14:57:04,636 INFO: No contract for this month and fut: /CME/CJ2018/  <class 'Exception'>, 23, No contract for this month [in futures_curve.py:29]
2017-06-12 14:57:05,085 INFO: No contract for this month and fut: /CME/CM2018/  <class 'Exception'>, 23, No contract for this month [in futures_curve.py:29]
2017-06-12 14:57:05,464 INFO: No contract for this month and fut: /CME/CQ2018/  <class 'Exception'>, 23, No contract for this month [in futures_curve.py:29]
2017-06-12 14:57:05,858 INFO: No contract for this month and fut: /CME/CV2018/  <class 'Exception'>, 23, No contract for this month [in futures_curve.py:29]
2017-06-12 14:57:06,046 INFO: No contract for this month and fut: /CME/CX2018/  <class 'Exception'>, 23, No contract for this month [in futures_curve.py:29]
2017-06-12 14:57:06,435 INFO: No contract for this month and fut: /CME/CF2019/  <class 'Exception'>, 23, No contract for this month [in futures_curve.py:29]
2017-06-12 14:57:06,612 INFO: No contract for this month and fut: /CME/CG2019/  <class 'Exception'>, 23, No contract for this month [in futures_curve.py:29]
2017-06-12 14:57:07,028 INFO: No contract for this month and fut: /CME/CJ2019/  <class 'Exception'>, 23, No contract for this month [in futures_curve.py:29]
2017-06-12 14:57:07,422 INFO: No contract for this month and fut: /CME/CM2019/  <class 'Exception'>, 23, No contract for this month [in futures_curve.py:29]
2017-06-12 14:57:07,839 INFO: No contract for this month and fut: /CME/CQ2019/  <class 'Exception'>, 23, No contract for this month [in futures_curve.py:29]
2017-06-12 14:57:08,200 INFO: No contract for this month and fut: /CME/CV2019/  <class 'Exception'>, 23, No contract for this month [in futures_curve.py:29]
2017-06-12 14:57:08,389 INFO: No contract for this month and fut: /CME/CX2019/  <class 'Exception'>, 23, No contract for this month [in futures_curve.py:29]
2017-06-12 14:57:08,748 INFO: No contract for this month and fut: /CME/CF2020/  <class 'Exception'>, 23, No contract for this month [in futures_curve.py:29]
2017-06-12 14:57:08,934 INFO: No contract for this month and fut: /CME/CG2020/  <class 'Exception'>, 23, No contract for this month [in futures_curve.py:29]
2017-06-12 14:57:09,117 INFO: No contract for this month and fut: /CME/CH2020/  <class 'Exception'>, 23, No contract for this month [in futures_curve.py:29]
2017-06-12 14:57:09,320 INFO: No contract for this month and fut: /CME/CJ2020/  <class 'Exception'>, 23, No contract for this month [in futures_curve.py:29]
2017-06-12 14:57:09,456 INFO: No contract for this month and fut: /CME/CK2020/  <class 'Exception'>, 23, No contract for this month [in futures_curve.py:29]
2017-06-12 14:57:10,233 INFO: No contract for this month and fut: /CME/GCU2017/  <class 'Exception'>, 23, No contract for this month [in futures_curve.py:29]
2017-06-12 14:57:10,560 INFO: No contract for this month and fut: /CME/GCX2017/  <class 'Exception'>, 23, No contract for this month [in futures_curve.py:29]
2017-06-12 14:57:10,957 INFO: No contract for this month and fut: /CME/GCF2018/  <class 'Exception'>, 23, No contract for this month [in futures_curve.py:29]
2017-06-12 14:57:11,353 INFO: No contract for this month and fut: /CME/GCH2018/  <class 'Exception'>, 23, No contract for this month [in futures_curve.py:29]
2017-06-12 14:57:11,893 INFO: No contract for this month and fut: /CME/GCK2018/  <class 'Exception'>, 23, No contract for this month [in futures_curve.py:29]
2017-06-12 14:57:12,283 INFO: No contract for this month and fut: /CME/GCN2018/  <class 'Exception'>, 23, No contract for this month [in futures_curve.py:29]
2017-06-12 14:57:12,898 INFO: No contract for this month and fut: /CME/GCU2018/  <class 'Exception'>, 23, No contract for this month [in futures_curve.py:29]
2017-06-12 14:57:13,287 INFO: No contract for this month and fut: /CME/GCX2018/  <class 'Exception'>, 23, No contract for this month [in futures_curve.py:29]
2017-06-12 14:57:13,889 INFO: No contract for this month and fut: /CME/GCF2019/  <class 'Exception'>, 23, No contract for this month [in futures_curve.py:29]
2017-06-12 14:57:14,312 INFO: No contract for this month and fut: /CME/GCH2019/  <class 'Exception'>, 23, No contract for this month [in futures_curve.py:29]
2017-06-12 14:57:14,704 INFO: No contract for this month and fut: /CME/GCK2019/  <class 'Exception'>, 23, No contract for this month [in futures_curve.py:29]
2017-06-12 14:57:15,045 INFO: No contract for this month and fut: /CME/GCN2019/  <class 'Exception'>, 23, No contract for this month [in futures_curve.py:29]
2017-06-12 14:57:15,239 INFO: No contract for this month and fut: /CME/GCQ2019/  <class 'Exception'>, 23, No contract for this month [in futures_curve.py:29]
2017-06-12 14:57:15,422 INFO: No contract for this month and fut: /CME/GCU2019/  <class 'Exception'>, 23, No contract for this month [in futures_curve.py:29]
2017-06-12 14:57:15,533 INFO: No contract for this month and fut: /CME/GCV2019/  <class 'Exception'>, 23, No contract for this month [in futures_curve.py:29]
2017-06-12 14:57:15,715 INFO: No contract for this month and fut: /CME/GCX2019/  <class 'Exception'>, 23, No contract for this month [in futures_curve.py:29]
2017-06-12 14:57:16,083 INFO: No contract for this month and fut: /CME/GCF2020/  <class 'Exception'>, 23, No contract for this month [in futures_curve.py:29]
2017-06-12 14:57:16,279 INFO: No contract for this month and fut: /CME/GCG2020/  <class 'Exception'>, 23, No contract for this month [in futures_curve.py:29]
2017-06-12 14:57:16,692 INFO: No contract for this month and fut: /CME/GCH2020/  <class 'Exception'>, 23, No contract for this month [in futures_curve.py:29]
2017-06-12 14:57:16,868 INFO: No contract for this month and fut: /CME/GCJ2020/  <class 'Exception'>, 23, No contract for this month [in futures_curve.py:29]
2017-06-12 14:57:17,057 INFO: No contract for this month and fut: /CME/GCK2020/  <class 'Exception'>, 23, No contract for this month [in futures_curve.py:29]
2017-06-12 14:59:23,282 INFO: finance hub startup [in /home/ubuntu/workspace/finance/app/__init__.py:49]
2017-06-12 14:59:24,520 INFO: No contract for this month and fut: /CME/CM2017/  <class 'Exception'>, 23, No contract for this month [in futures_curve.py:29]
2017-06-12 14:59:24,891 INFO: No contract for this month and fut: /CME/CQ2017/  <class 'Exception'>, 23, No contract for this month [in futures_curve.py:29]
2017-06-12 14:59:25,288 INFO: No contract for this month and fut: /CME/CV2017/  <class 'Exception'>, 23, No contract for this month [in futures_curve.py:29]
2017-06-12 14:59:25,465 INFO: No contract for this month and fut: /CME/CX2017/  <class 'Exception'>, 23, No contract for this month [in futures_curve.py:29]
2017-06-12 14:59:25,798 INFO: No contract for this month and fut: /CME/CF2018/  <class 'Exception'>, 23, No contract for this month [in futures_curve.py:29]
2017-06-12 14:59:27,799 INFO: No contract for this month and fut: /CME/CG2018/  <class 'Exception'>, 23, No contract for this month [in futures_curve.py:29]
2017-06-12 14:59:28,121 INFO: No contract for this month and fut: /CME/CJ2018/  <class 'Exception'>, 23, No contract for this month [in futures_curve.py:29]
2017-06-12 14:59:28,495 INFO: No contract for this month and fut: /CME/CM2018/  <class 'Exception'>, 23, No contract for this month [in futures_curve.py:29]
2017-06-12 14:59:28,895 INFO: No contract for this month and fut: /CME/CQ2018/  <class 'Exception'>, 23, No contract for this month [in futures_curve.py:29]
2017-06-12 14:59:29,250 INFO: No contract for this month and fut: /CME/CV2018/  <class 'Exception'>, 23, No contract for this month [in futures_curve.py:29]
2017-06-12 14:59:29,428 INFO: No contract for this month and fut: /CME/CX2018/  <class 'Exception'>, 23, No contract for this month [in futures_curve.py:29]
2017-06-12 14:59:29,823 INFO: No contract for this month and fut: /CME/CF2019/  <class 'Exception'>, 23, No contract for this month [in futures_curve.py:29]
2017-06-12 14:59:29,992 INFO: No contract for this month and fut: /CME/CG2019/  <class 'Exception'>, 23, No contract for this month [in futures_curve.py:29]
2017-06-12 14:59:31,235 INFO: No contract for this month and fut: /CME/CJ2019/  <class 'Exception'>, 23, No contract for this month [in futures_curve.py:29]
2017-06-12 14:59:31,628 INFO: No contract for this month and fut: /CME/CM2019/  <class 'Exception'>, 23, No contract for this month [in futures_curve.py:29]
2017-06-12 14:59:32,015 INFO: No contract for this month and fut: /CME/CQ2019/  <class 'Exception'>, 23, No contract for this month [in futures_curve.py:29]
2017-06-12 14:59:32,377 INFO: No contract for this month and fut: /CME/CV2019/  <class 'Exception'>, 23, No contract for this month [in futures_curve.py:29]
2017-06-12 14:59:32,553 INFO: No contract for this month and fut: /CME/CX2019/  <class 'Exception'>, 23, No contract for this month [in futures_curve.py:29]
2017-06-12 14:59:32,926 INFO: No contract for this month and fut: /CME/CF2020/  <class 'Exception'>, 23, No contract for this month [in futures_curve.py:29]
2017-06-12 14:59:33,117 INFO: No contract for this month and fut: /CME/CG2020/  <class 'Exception'>, 23, No contract for this month [in futures_curve.py:29]
2017-06-12 14:59:33,301 INFO: No contract for this month and fut: /CME/CH2020/  <class 'Exception'>, 23, No contract for this month [in futures_curve.py:29]
2017-06-12 14:59:33,493 INFO: No contract for this month and fut: /CME/CJ2020/  <class 'Exception'>, 23, No contract for this month [in futures_curve.py:29]
2017-06-12 14:59:33,672 INFO: No contract for this month and fut: /CME/CK2020/  <class 'Exception'>, 23, No contract for this month [in futures_curve.py:29]
2017-06-12 14:59:35,048 INFO: No contract for this month and fut: /CME/GCU2017/  <class 'Exception'>, 23, No contract for this month [in futures_curve.py:29]
2017-06-12 14:59:35,414 INFO: No contract for this month and fut: /CME/GCX2017/  <class 'Exception'>, 23, No contract for this month [in futures_curve.py:29]
2017-06-12 14:59:35,719 INFO: No contract for this month and fut: /CME/GCF2018/  <class 'Exception'>, 23, No contract for this month [in futures_curve.py:29]
2017-06-12 14:59:36,094 INFO: No contract for this month and fut: /CME/GCH2018/  <class 'Exception'>, 23, No contract for this month [in futures_curve.py:29]
2017-06-12 14:59:36,414 INFO: No contract for this month and fut: /CME/GCK2018/  <class 'Exception'>, 23, No contract for this month [in futures_curve.py:29]
2017-06-12 14:59:36,775 INFO: No contract for this month and fut: /CME/GCN2018/  <class 'Exception'>, 23, No contract for this month [in futures_curve.py:29]
2017-06-12 14:59:37,157 INFO: No contract for this month and fut: /CME/GCU2018/  <class 'Exception'>, 23, No contract for this month [in futures_curve.py:29]
2017-06-12 14:59:37,565 INFO: No contract for this month and fut: /CME/GCX2018/  <class 'Exception'>, 23, No contract for this month [in futures_curve.py:29]
2017-06-12 14:59:37,934 INFO: No contract for this month and fut: /CME/GCF2019/  <class 'Exception'>, 23, No contract for this month [in futures_curve.py:29]
2017-06-12 14:59:38,311 INFO: No contract for this month and fut: /CME/GCH2019/  <class 'Exception'>, 23, No contract for this month [in futures_curve.py:29]
2017-06-12 14:59:38,685 INFO: No contract for this month and fut: /CME/GCK2019/  <class 'Exception'>, 23, No contract for this month [in futures_curve.py:29]
2017-06-12 14:59:39,098 INFO: No contract for this month and fut: /CME/GCN2019/  <class 'Exception'>, 23, No contract for this month [in futures_curve.py:29]
2017-06-12 14:59:39,275 INFO: No contract for this month and fut: /CME/GCQ2019/  <class 'Exception'>, 23, No contract for this month [in futures_curve.py:29]
2017-06-12 14:59:39,447 INFO: No contract for this month and fut: /CME/GCU2019/  <class 'Exception'>, 23, No contract for this month [in futures_curve.py:29]
2017-06-12 14:59:39,630 INFO: No contract for this month and fut: /CME/GCV2019/  <class 'Exception'>, 23, No contract for this month [in futures_curve.py:29]
2017-06-12 14:59:39,820 INFO: No contract for this month and fut: /CME/GCX2019/  <class 'Exception'>, 23, No contract for this month [in futures_curve.py:29]
2017-06-12 14:59:40,204 INFO: No contract for this month and fut: /CME/GCF2020/  <class 'Exception'>, 23, No contract for this month [in futures_curve.py:29]
2017-06-12 14:59:40,382 INFO: No contract for this month and fut: /CME/GCG2020/  <class 'Exception'>, 23, No contract for this month [in futures_curve.py:29]
2017-06-12 14:59:40,560 INFO: No contract for this month and fut: /CME/GCH2020/  <class 'Exception'>, 23, No contract for this month [in futures_curve.py:29]
2017-06-12 14:59:40,738 INFO: No contract for this month and fut: /CME/GCJ2020/  <class 'Exception'>, 23, No contract for this month [in futures_curve.py:29]
2017-06-12 14:59:40,922 INFO: No contract for this month and fut: /CME/GCK2020/  <class 'Exception'>, 23, No contract for this month [in futures_curve.py:29]
2017-06-12 15:02:41,724 INFO: finance hub startup [in /home/ubuntu/workspace/finance/app/__init__.py:49]
2017-06-12 15:02:43,120 INFO: No contract for this month and fut: /CME/CM2017/  <class 'Exception'>, 23, No contract for this month [in futures_curve.py:29]
2017-06-12 15:02:43,502 INFO: No contract for this month and fut: /CME/CQ2017/  <class 'Exception'>, 23, No contract for this month [in futures_curve.py:29]
2017-06-12 15:02:44,061 INFO: No contract for this month and fut: /CME/CV2017/  <class 'Exception'>, 23, No contract for this month [in futures_curve.py:29]
2017-06-12 15:02:44,239 INFO: No contract for this month and fut: /CME/CX2017/  <class 'Exception'>, 23, No contract for this month [in futures_curve.py:29]
2017-06-12 15:02:44,535 INFO: No contract for this month and fut: /CME/CF2018/  <class 'Exception'>, 23, No contract for this month [in futures_curve.py:29]
2017-06-12 15:02:44,729 INFO: No contract for this month and fut: /CME/CG2018/  <class 'Exception'>, 23, No contract for this month [in futures_curve.py:29]
2017-06-12 15:02:45,132 INFO: No contract for this month and fut: /CME/CJ2018/  <class 'Exception'>, 23, No contract for this month [in futures_curve.py:29]
2017-06-12 15:02:45,446 INFO: No contract for this month and fut: /CME/CM2018/  <class 'Exception'>, 23, No contract for this month [in futures_curve.py:29]
2017-06-12 15:02:45,830 INFO: No contract for this month and fut: /CME/CQ2018/  <class 'Exception'>, 23, No contract for this month [in futures_curve.py:29]
2017-06-12 15:02:46,196 INFO: No contract for this month and fut: /CME/CV2018/  <class 'Exception'>, 23, No contract for this month [in futures_curve.py:29]
2017-06-12 15:02:46,375 INFO: No contract for this month and fut: /CME/CX2018/  <class 'Exception'>, 23, No contract for this month [in futures_curve.py:29]
2017-06-12 15:02:46,833 INFO: No contract for this month and fut: /CME/CF2019/  <class 'Exception'>, 23, No contract for this month [in futures_curve.py:29]
2017-06-12 15:02:47,000 INFO: No contract for this month and fut: /CME/CG2019/  <class 'Exception'>, 23, No contract for this month [in futures_curve.py:29]
2017-06-12 15:02:47,369 INFO: No contract for this month and fut: /CME/CJ2019/  <class 'Exception'>, 23, No contract for this month [in futures_curve.py:29]
2017-06-12 15:02:47,737 INFO: No contract for this month and fut: /CME/CM2019/  <class 'Exception'>, 23, No contract for this month [in futures_curve.py:29]
2017-06-12 15:02:48,113 INFO: No contract for this month and fut: /CME/CQ2019/  <class 'Exception'>, 23, No contract for this month [in futures_curve.py:29]
2017-06-12 15:02:48,487 INFO: No contract for this month and fut: /CME/CV2019/  <class 'Exception'>, 23, No contract for this month [in futures_curve.py:29]
2017-06-12 15:02:48,655 INFO: No contract for this month and fut: /CME/CX2019/  <class 'Exception'>, 23, No contract for this month [in futures_curve.py:29]
2017-06-12 15:02:49,066 INFO: No contract for this month and fut: /CME/CF2020/  <class 'Exception'>, 23, No contract for this month [in futures_curve.py:29]
2017-06-12 15:02:49,246 INFO: No contract for this month and fut: /CME/CG2020/  <class 'Exception'>, 23, No contract for this month [in futures_curve.py:29]
2017-06-12 15:02:49,369 INFO: No contract for this month and fut: /CME/CH2020/  <class 'Exception'>, 23, No contract for this month [in futures_curve.py:29]
2017-06-12 15:02:49,531 INFO: No contract for this month and fut: /CME/CJ2020/  <class 'Exception'>, 23, No contract for this month [in futures_curve.py:29]
2017-06-12 15:02:49,702 INFO: No contract for this month and fut: /CME/CK2020/  <class 'Exception'>, 23, No contract for this month [in futures_curve.py:29]
2017-06-12 15:02:50,398 INFO: No contract for this month and fut: /CME/GCU2017/  <class 'Exception'>, 23, No contract for this month [in futures_curve.py:29]
2017-06-12 15:02:50,713 INFO: No contract for this month and fut: /CME/GCX2017/  <class 'Exception'>, 23, No contract for this month [in futures_curve.py:29]
2017-06-12 15:02:51,022 INFO: No contract for this month and fut: /CME/GCF2018/  <class 'Exception'>, 23, No contract for this month [in futures_curve.py:29]
2017-06-12 15:02:51,402 INFO: No contract for this month and fut: /CME/GCH2018/  <class 'Exception'>, 23, No contract for this month [in futures_curve.py:29]
2017-06-12 15:02:51,795 INFO: No contract for this month and fut: /CME/GCK2018/  <class 'Exception'>, 23, No contract for this month [in futures_curve.py:29]
2017-06-12 15:02:52,187 INFO: No contract for this month and fut: /CME/GCN2018/  <class 'Exception'>, 23, No contract for this month [in futures_curve.py:29]
2017-06-12 15:02:52,556 INFO: No contract for this month and fut: /CME/GCU2018/  <class 'Exception'>, 23, No contract for this month [in futures_curve.py:29]
2017-06-12 15:02:52,919 INFO: No contract for this month and fut: /CME/GCX2018/  <class 'Exception'>, 23, No contract for this month [in futures_curve.py:29]
2017-06-12 15:02:53,312 INFO: No contract for this month and fut: /CME/GCF2019/  <class 'Exception'>, 23, No contract for this month [in futures_curve.py:29]
2017-06-12 15:02:53,681 INFO: No contract for this month and fut: /CME/GCH2019/  <class 'Exception'>, 23, No contract for this month [in futures_curve.py:29]
2017-06-12 15:02:53,985 INFO: No contract for this month and fut: /CME/GCK2019/  <class 'Exception'>, 23, No contract for this month [in futures_curve.py:29]
2017-06-12 15:02:54,352 INFO: No contract for this month and fut: /CME/GCN2019/  <class 'Exception'>, 23, No contract for this month [in futures_curve.py:29]
2017-06-12 15:02:54,524 INFO: No contract for this month and fut: /CME/GCQ2019/  <class 'Exception'>, 23, No contract for this month [in futures_curve.py:29]
2017-06-12 15:02:54,696 INFO: No contract for this month and fut: /CME/GCU2019/  <class 'Exception'>, 23, No contract for this month [in futures_curve.py:29]
2017-06-12 15:02:54,893 INFO: No contract for this month and fut: /CME/GCV2019/  <class 'Exception'>, 23, No contract for this month [in futures_curve.py:29]
2017-06-12 15:02:55,065 INFO: No contract for this month and fut: /CME/GCX2019/  <class 'Exception'>, 23, No contract for this month [in futures_curve.py:29]
2017-06-12 15:02:55,445 INFO: No contract for this month and fut: /CME/GCF2020/  <class 'Exception'>, 23, No contract for this month [in futures_curve.py:29]
2017-06-12 15:02:55,618 INFO: No contract for this month and fut: /CME/GCG2020/  <class 'Exception'>, 23, No contract for this month [in futures_curve.py:29]
2017-06-12 15:02:55,787 INFO: No contract for this month and fut: /CME/GCH2020/  <class 'Exception'>, 23, No contract for this month [in futures_curve.py:29]
2017-06-12 15:02:55,964 INFO: No contract for this month and fut: /CME/GCJ2020/  <class 'Exception'>, 23, No contract for this month [in futures_curve.py:29]
2017-06-12 15:02:56,070 INFO: No contract for this month and fut: /CME/GCK2020/  <class 'Exception'>, 23, No contract for this month [in futures_curve.py:29]
2017-06-12 15:13:45,190 INFO: finance hub startup [in /home/ubuntu/workspace/finance/app/__init__.py:49]
2017-06-12 15:13:46,760 INFO: No contract for this month and fut: /CME/CM2017/  <class 'Exception'>, 23, No contract for this month [in futures_curve.py:29]
2017-06-12 15:13:47,147 INFO: No contract for this month and fut: /CME/CQ2017/  <class 'Exception'>, 23, No contract for this month [in futures_curve.py:29]
2017-06-12 15:13:47,461 INFO: No contract for this month and fut: /CME/CV2017/  <class 'Exception'>, 23, No contract for this month [in futures_curve.py:29]
2017-06-12 15:13:47,644 INFO: No contract for this month and fut: /CME/CX2017/  <class 'Exception'>, 23, No contract for this month [in futures_curve.py:29]
2017-06-12 15:13:47,991 INFO: No contract for this month and fut: /CME/CF2018/  <class 'Exception'>, 23, No contract for this month [in futures_curve.py:29]
2017-06-12 15:13:48,205 INFO: No contract for this month and fut: /CME/CG2018/  <class 'Exception'>, 23, No contract for this month [in futures_curve.py:29]
2017-06-12 15:13:48,556 INFO: No contract for this month and fut: /CME/CJ2018/  <class 'Exception'>, 23, No contract for this month [in futures_curve.py:29]
2017-06-12 15:13:48,917 INFO: No contract for this month and fut: /CME/CM2018/  <class 'Exception'>, 23, No contract for this month [in futures_curve.py:29]
2017-06-12 15:13:49,344 INFO: No contract for this month and fut: /CME/CQ2018/  <class 'Exception'>, 23, No contract for this month [in futures_curve.py:29]
2017-06-12 15:13:49,793 INFO: No contract for this month and fut: /CME/CV2018/  <class 'Exception'>, 23, No contract for this month [in futures_curve.py:29]
2017-06-12 15:13:49,920 INFO: No contract for this month and fut: /CME/CX2018/  <class 'Exception'>, 23, No contract for this month [in futures_curve.py:29]
2017-06-12 15:13:50,291 INFO: No contract for this month and fut: /CME/CF2019/  <class 'Exception'>, 23, No contract for this month [in futures_curve.py:29]
2017-06-12 15:13:50,483 INFO: No contract for this month and fut: /CME/CG2019/  <class 'Exception'>, 23, No contract for this month [in futures_curve.py:29]
2017-06-12 15:13:50,931 INFO: No contract for this month and fut: /CME/CJ2019/  <class 'Exception'>, 23, No contract for this month [in futures_curve.py:29]
2017-06-12 15:13:51,402 INFO: No contract for this month and fut: /CME/CM2019/  <class 'Exception'>, 23, No contract for this month [in futures_curve.py:29]
2017-06-12 15:13:51,813 INFO: No contract for this month and fut: /CME/CQ2019/  <class 'Exception'>, 23, No contract for this month [in futures_curve.py:29]
2017-06-12 15:13:52,148 INFO: No contract for this month and fut: /CME/CV2019/  <class 'Exception'>, 23, No contract for this month [in futures_curve.py:29]
2017-06-12 15:13:52,329 INFO: No contract for this month and fut: /CME/CX2019/  <class 'Exception'>, 23, No contract for this month [in futures_curve.py:29]
2017-06-12 15:13:52,710 INFO: No contract for this month and fut: /CME/CF2020/  <class 'Exception'>, 23, No contract for this month [in futures_curve.py:29]
2017-06-12 15:13:52,890 INFO: No contract for this month and fut: /CME/CG2020/  <class 'Exception'>, 23, No contract for this month [in futures_curve.py:29]
2017-06-12 15:13:53,063 INFO: No contract for this month and fut: /CME/CH2020/  <class 'Exception'>, 23, No contract for this month [in futures_curve.py:29]
2017-06-12 15:13:53,237 INFO: No contract for this month and fut: /CME/CJ2020/  <class 'Exception'>, 23, No contract for this month [in futures_curve.py:29]
2017-06-12 15:13:53,414 INFO: No contract for this month and fut: /CME/CK2020/  <class 'Exception'>, 23, No contract for this month [in futures_curve.py:29]
2017-06-12 15:13:54,188 INFO: No contract for this month and fut: /CME/GCU2017/  <class 'Exception'>, 23, No contract for this month [in futures_curve.py:29]
2017-06-12 15:13:54,597 INFO: No contract for this month and fut: /CME/GCX2017/  <class 'Exception'>, 23, No contract for this month [in futures_curve.py:29]
2017-06-12 15:13:54,872 INFO: No contract for this month and fut: /CME/GCF2018/  <class 'Exception'>, 23, No contract for this month [in futures_curve.py:29]
2017-06-12 15:13:55,245 INFO: No contract for this month and fut: /CME/GCH2018/  <class 'Exception'>, 23, No contract for this month [in futures_curve.py:29]
2017-06-12 15:13:55,629 INFO: No contract for this month and fut: /CME/GCK2018/  <class 'Exception'>, 23, No contract for this month [in futures_curve.py:29]
2017-06-12 15:13:55,988 INFO: No contract for this month and fut: /CME/GCN2018/  <class 'Exception'>, 23, No contract for this month [in futures_curve.py:29]
2017-06-12 15:13:56,297 INFO: No contract for this month and fut: /CME/GCU2018/  <class 'Exception'>, 23, No contract for this month [in futures_curve.py:29]
2017-06-12 15:13:56,605 INFO: No contract for this month and fut: /CME/GCX2018/  <class 'Exception'>, 23, No contract for this month [in futures_curve.py:29]
2017-06-12 15:13:56,988 INFO: No contract for this month and fut: /CME/GCF2019/  <class 'Exception'>, 23, No contract for this month [in futures_curve.py:29]
2017-06-12 15:13:57,373 INFO: No contract for this month and fut: /CME/GCH2019/  <class 'Exception'>, 23, No contract for this month [in futures_curve.py:29]
2017-06-12 15:13:57,762 INFO: No contract for this month and fut: /CME/GCK2019/  <class 'Exception'>, 23, No contract for this month [in futures_curve.py:29]
2017-06-12 15:13:58,205 INFO: No contract for this month and fut: /CME/GCN2019/  <class 'Exception'>, 23, No contract for this month [in futures_curve.py:29]
2017-06-12 15:13:58,377 INFO: No contract for this month and fut: /CME/GCQ2019/  <class 'Exception'>, 23, No contract for this month [in futures_curve.py:29]
2017-06-12 15:13:58,554 INFO: No contract for this month and fut: /CME/GCU2019/  <class 'Exception'>, 23, No contract for this month [in futures_curve.py:29]
2017-06-12 15:13:58,672 INFO: No contract for this month and fut: /CME/GCV2019/  <class 'Exception'>, 23, No contract for this month [in futures_curve.py:29]
2017-06-12 15:13:58,862 INFO: No contract for this month and fut: /CME/GCX2019/  <class 'Exception'>, 23, No contract for this month [in futures_curve.py:29]
2017-06-12 15:13:59,225 INFO: No contract for this month and fut: /CME/GCF2020/  <class 'Exception'>, 23, No contract for this month [in futures_curve.py:29]
2017-06-12 15:13:59,400 INFO: No contract for this month and fut: /CME/GCG2020/  <class 'Exception'>, 23, No contract for this month [in futures_curve.py:29]
2017-06-12 15:13:59,568 INFO: No contract for this month and fut: /CME/GCH2020/  <class 'Exception'>, 23, No contract for this month [in futures_curve.py:29]
2017-06-12 15:13:59,685 INFO: No contract for this month and fut: /CME/GCJ2020/  <class 'Exception'>, 23, No contract for this month [in futures_curve.py:29]
2017-06-12 15:13:59,873 INFO: No contract for this month and fut: /CME/GCK2020/  <class 'Exception'>, 23, No contract for this month [in futures_curve.py:29]
2017-06-12 15:18:29,064 INFO: finance hub startup [in /home/ubuntu/workspace/finance/app/__init__.py:49]
2017-06-12 15:18:30,706 INFO: No contract for this month and fut: /CME/CM2017/  <class 'Exception'>, 23, No contract for this month [in futures_curve.py:29]
2017-06-12 15:18:31,089 INFO: No contract for this month and fut: /CME/CQ2017/  <class 'Exception'>, 23, No contract for this month [in futures_curve.py:29]
2017-06-12 15:18:31,464 INFO: No contract for this month and fut: /CME/CV2017/  <class 'Exception'>, 23, No contract for this month [in futures_curve.py:29]
2017-06-12 15:18:31,637 INFO: No contract for this month and fut: /CME/CX2017/  <class 'Exception'>, 23, No contract for this month [in futures_curve.py:29]
2017-06-12 15:18:31,958 INFO: No contract for this month and fut: /CME/CF2018/  <class 'Exception'>, 23, No contract for this month [in futures_curve.py:29]
2017-06-12 15:18:32,146 INFO: No contract for this month and fut: /CME/CG2018/  <class 'Exception'>, 23, No contract for this month [in futures_curve.py:29]
2017-06-12 15:18:32,514 INFO: No contract for this month and fut: /CME/CJ2018/  <class 'Exception'>, 23, No contract for this month [in futures_curve.py:29]
2017-06-12 15:18:32,891 INFO: No contract for this month and fut: /CME/CM2018/  <class 'Exception'>, 23, No contract for this month [in futures_curve.py:29]
2017-06-12 15:18:33,278 INFO: No contract for this month and fut: /CME/CQ2018/  <class 'Exception'>, 23, No contract for this month [in futures_curve.py:29]
2017-06-12 15:18:33,601 INFO: No contract for this month and fut: /CME/CV2018/  <class 'Exception'>, 23, No contract for this month [in futures_curve.py:29]
2017-06-12 15:18:33,786 INFO: No contract for this month and fut: /CME/CX2018/  <class 'Exception'>, 23, No contract for this month [in futures_curve.py:29]
2017-06-12 15:18:34,207 INFO: No contract for this month and fut: /CME/CF2019/  <class 'Exception'>, 23, No contract for this month [in futures_curve.py:29]
2017-06-12 15:18:34,426 INFO: No contract for this month and fut: /CME/CG2019/  <class 'Exception'>, 23, No contract for this month [in futures_curve.py:29]
2017-06-12 15:18:35,586 INFO: No contract for this month and fut: /CME/CJ2019/  <class 'Exception'>, 23, No contract for this month [in futures_curve.py:29]
2017-06-12 15:18:35,969 INFO: No contract for this month and fut: /CME/CM2019/  <class 'Exception'>, 23, No contract for this month [in futures_curve.py:29]
2017-06-12 15:18:36,355 INFO: No contract for this month and fut: /CME/CQ2019/  <class 'Exception'>, 23, No contract for this month [in futures_curve.py:29]
2017-06-12 15:18:36,759 INFO: No contract for this month and fut: /CME/CV2019/  <class 'Exception'>, 23, No contract for this month [in futures_curve.py:29]
2017-06-12 15:18:36,934 INFO: No contract for this month and fut: /CME/CX2019/  <class 'Exception'>, 23, No contract for this month [in futures_curve.py:29]
2017-06-12 15:18:37,299 INFO: No contract for this month and fut: /CME/CF2020/  <class 'Exception'>, 23, No contract for this month [in futures_curve.py:29]
2017-06-12 15:18:37,335 INFO: No contract for this month and fut: /CME/CG2020/  <class 'KeyboardInterrupt'>, 23,  [in futures_curve.py:29]
2017-06-12 15:18:37,500 INFO: No contract for this month and fut: /CME/CH2020/  <class 'Exception'>, 23, No contract for this month [in futures_curve.py:29]
2017-06-12 15:18:37,672 INFO: No contract for this month and fut: /CME/CJ2020/  <class 'Exception'>, 23, No contract for this month [in futures_curve.py:29]
2017-06-12 15:18:37,839 INFO: No contract for this month and fut: /CME/CK2020/  <class 'Exception'>, 23, No contract for this month [in futures_curve.py:29]
2017-06-12 15:18:38,713 INFO: No contract for this month and fut: /CME/GCU2017/  <class 'Exception'>, 23, No contract for this month [in futures_curve.py:29]
2017-06-12 15:18:38,766 INFO: No contract for this month and fut: /CME/GCV2017/  <class 'KeyboardInterrupt'>, 23,  [in futures_curve.py:29]
2017-06-12 15:18:38,953 INFO: No contract for this month and fut: /CME/GCX2017/  <class 'Exception'>, 23, No contract for this month [in futures_curve.py:29]
2017-06-12 15:18:39,000 INFO: No contract for this month and fut: /CME/GCZ2017/  <class 'KeyboardInterrupt'>, 23,  [in futures_curve.py:29]
2017-06-12 15:18:39,181 INFO: No contract for this month and fut: /CME/GCF2018/  <class 'Exception'>, 23, No contract for this month [in futures_curve.py:29]
2017-06-12 15:18:39,505 INFO: No contract for this month and fut: /CME/GCG2018/  <class 'KeyboardInterrupt'>, 23,  [in futures_curve.py:29]
2017-06-12 15:18:39,535 INFO: No contract for this month and fut: /CME/GCH2018/  <class 'KeyboardInterrupt'>, 23,  [in futures_curve.py:29]
2017-06-12 15:18:39,584 INFO: No contract for this month and fut: /CME/GCJ2018/  <class 'KeyboardInterrupt'>, 23,  [in futures_curve.py:29]
2017-06-12 15:18:39,599 INFO: No contract for this month and fut: /CME/GCK2018/  <class 'KeyboardInterrupt'>, 23,  [in futures_curve.py:29]
2017-06-12 15:18:39,626 INFO: No contract for this month and fut: /CME/GCM2018/  <class 'KeyboardInterrupt'>, 23,  [in futures_curve.py:29]
2017-06-12 15:18:39,657 INFO: No contract for this month and fut: /CME/GCN2018/  <class 'KeyboardInterrupt'>, 23,  [in futures_curve.py:29]
2017-06-12 15:18:39,693 INFO: No contract for this month and fut: /CME/GCQ2018/  <class 'KeyboardInterrupt'>, 23,  [in futures_curve.py:29]
2017-06-12 15:18:39,723 INFO: No contract for this month and fut: /CME/GCU2018/  <class 'KeyboardInterrupt'>, 23, decoding with 'idna' codec failed (KeyboardInterrupt: ) [in futures_curve.py:29]
2017-06-12 15:18:39,759 INFO: No contract for this month and fut: /CME/GCV2018/  <class 'KeyboardInterrupt'>, 23,  [in futures_curve.py:29]
2017-06-12 15:18:39,795 INFO: No contract for this month and fut: /CME/GCX2018/  <class 'KeyboardInterrupt'>, 23,  [in futures_curve.py:29]
2017-06-12 15:18:39,825 INFO: No contract for this month and fut: /CME/GCZ2018/  <class 'KeyboardInterrupt'>, 23,  [in futures_curve.py:29]
2017-06-12 15:18:39,889 INFO: No contract for this month and fut: /CME/GCF2019/  <class 'KeyboardInterrupt'>, 23,  [in futures_curve.py:29]
2017-06-12 15:18:39,902 INFO: No contract for this month and fut: /CME/GCG2019/  <class 'KeyboardInterrupt'>, 23,  [in futures_curve.py:29]
2017-06-12 15:18:39,932 INFO: No contract for this month and fut: /CME/GCH2019/  <class 'KeyboardInterrupt'>, 23,  [in futures_curve.py:29]
2017-06-12 15:18:39,963 INFO: No contract for this month and fut: /CME/GCJ2019/  <class 'KeyboardInterrupt'>, 23,  [in futures_curve.py:29]
2017-06-12 15:18:40,000 INFO: No contract for this month and fut: /CME/GCK2019/  <class 'KeyboardInterrupt'>, 23,  [in futures_curve.py:29]
2017-06-12 15:18:40,035 INFO: No contract for this month and fut: /CME/GCM2019/  <class 'KeyboardInterrupt'>, 23,  [in futures_curve.py:29]
2017-06-12 15:18:40,068 INFO: No contract for this month and fut: /CME/GCN2019/  <class 'KeyboardInterrupt'>, 23,  [in futures_curve.py:29]
2017-06-12 15:18:40,103 INFO: No contract for this month and fut: /CME/GCQ2019/  <class 'KeyboardInterrupt'>, 23,  [in futures_curve.py:29]
2017-06-12 15:18:40,119 INFO: No contract for this month and fut: /CME/GCU2019/  <class 'KeyboardInterrupt'>, 23,  [in futures_curve.py:29]
2017-06-12 15:18:40,147 INFO: No contract for this month and fut: /CME/GCV2019/  <class 'KeyboardInterrupt'>, 23,  [in futures_curve.py:29]
2017-06-12 15:18:40,179 INFO: No contract for this month and fut: /CME/GCX2019/  <class 'KeyboardInterrupt'>, 23,  [in futures_curve.py:29]
2017-06-12 15:18:40,210 INFO: No contract for this month and fut: /CME/GCZ2019/  <class 'KeyboardInterrupt'>, 23,  [in futures_curve.py:29]
2017-06-12 15:18:40,249 INFO: No contract for this month and fut: /CME/GCF2020/  <class 'KeyboardInterrupt'>, 23,  [in futures_curve.py:29]
2017-06-12 15:18:40,281 INFO: No contract for this month and fut: /CME/GCG2020/  <class 'KeyboardInterrupt'>, 23,  [in futures_curve.py:29]
2017-06-12 15:18:40,312 INFO: No contract for this month and fut: /CME/GCH2020/  <class 'KeyboardInterrupt'>, 23,  [in futures_curve.py:29]
2017-06-12 15:18:40,351 INFO: No contract for this month and fut: /CME/GCJ2020/  <class 'KeyboardInterrupt'>, 23,  [in futures_curve.py:29]
2017-06-12 15:18:40,420 INFO: No contract for this month and fut: /CME/GCK2020/  <class 'KeyboardInterrupt'>, 23,  [in futures_curve.py:29]
2017-06-12 15:18:42,888 INFO: finance hub startup [in /home/ubuntu/workspace/finance/app/__init__.py:49]
2017-06-12 15:18:44,176 INFO: No contract for this month and fut: /CME/CM2017/  <class 'Exception'>, 23, No contract for this month [in futures_curve.py:29]
2017-06-12 15:18:44,486 INFO: No contract for this month and fut: /CME/CQ2017/  <class 'Exception'>, 23, No contract for this month [in futures_curve.py:29]
2017-06-12 15:18:44,851 INFO: No contract for this month and fut: /CME/CV2017/  <class 'Exception'>, 23, No contract for this month [in futures_curve.py:29]
2017-06-12 15:18:45,019 INFO: No contract for this month and fut: /CME/CX2017/  <class 'Exception'>, 23, No contract for this month [in futures_curve.py:29]
2017-06-12 15:18:45,294 INFO: No contract for this month and fut: /CME/CF2018/  <class 'Exception'>, 23, No contract for this month [in futures_curve.py:29]
2017-06-12 15:18:45,408 INFO: No contract for this month and fut: /CME/CG2018/  <class 'Exception'>, 23, No contract for this month [in futures_curve.py:29]
2017-06-12 15:18:45,664 INFO: No contract for this month and fut: /CME/CJ2018/  <class 'Exception'>, 23, No contract for this month [in futures_curve.py:29]
2017-06-12 15:18:46,052 INFO: No contract for this month and fut: /CME/CM2018/  <class 'Exception'>, 23, No contract for this month [in futures_curve.py:29]
2017-06-12 15:18:46,359 INFO: No contract for this month and fut: /CME/CQ2018/  <class 'Exception'>, 23, No contract for this month [in futures_curve.py:29]
2017-06-12 15:18:46,741 INFO: No contract for this month and fut: /CME/CV2018/  <class 'Exception'>, 23, No contract for this month [in futures_curve.py:29]
2017-06-12 15:18:46,913 INFO: No contract for this month and fut: /CME/CX2018/  <class 'Exception'>, 23, No contract for this month [in futures_curve.py:29]
2017-06-12 15:18:47,271 INFO: No contract for this month and fut: /CME/CF2019/  <class 'Exception'>, 23, No contract for this month [in futures_curve.py:29]
2017-06-12 15:18:47,439 INFO: No contract for this month and fut: /CME/CG2019/  <class 'Exception'>, 23, No contract for this month [in futures_curve.py:29]
2017-06-12 15:18:47,742 INFO: No contract for this month and fut: /CME/CJ2019/  <class 'Exception'>, 23, No contract for this month [in futures_curve.py:29]
2017-06-12 15:18:48,101 INFO: No contract for this month and fut: /CME/CM2019/  <class 'Exception'>, 23, No contract for this month [in futures_curve.py:29]
2017-06-12 15:18:48,476 INFO: No contract for this month and fut: /CME/CQ2019/  <class 'Exception'>, 23, No contract for this month [in futures_curve.py:29]
2017-06-12 15:18:48,770 INFO: No contract for this month and fut: /CME/CV2019/  <class 'Exception'>, 23, No contract for this month [in futures_curve.py:29]
2017-06-12 15:18:48,936 INFO: No contract for this month and fut: /CME/CX2019/  <class 'Exception'>, 23, No contract for this month [in futures_curve.py:29]
2017-06-12 15:18:49,300 INFO: No contract for this month and fut: /CME/CF2020/  <class 'Exception'>, 23, No contract for this month [in futures_curve.py:29]
2017-06-12 15:18:49,476 INFO: No contract for this month and fut: /CME/CG2020/  <class 'Exception'>, 23, No contract for this month [in futures_curve.py:29]
2017-06-12 15:18:49,644 INFO: No contract for this month and fut: /CME/CH2020/  <class 'Exception'>, 23, No contract for this month [in futures_curve.py:29]
2017-06-12 15:18:49,808 INFO: No contract for this month and fut: /CME/CJ2020/  <class 'Exception'>, 23, No contract for this month [in futures_curve.py:29]
2017-06-12 15:18:49,982 INFO: No contract for this month and fut: /CME/CK2020/  <class 'Exception'>, 23, No contract for this month [in futures_curve.py:29]
2017-06-12 15:18:50,775 INFO: No contract for this month and fut: /CME/GCU2017/  <class 'Exception'>, 23, No contract for this month [in futures_curve.py:29]
2017-06-12 15:18:51,139 INFO: No contract for this month and fut: /CME/GCX2017/  <class 'Exception'>, 23, No contract for this month [in futures_curve.py:29]
2017-06-12 15:18:51,400 INFO: No contract for this month and fut: /CME/GCF2018/  <class 'Exception'>, 23, No contract for this month [in futures_curve.py:29]
2017-06-12 15:18:51,725 INFO: No contract for this month and fut: /CME/GCH2018/  <class 'Exception'>, 23, No contract for this month [in futures_curve.py:29]
2017-06-12 15:18:52,133 INFO: No contract for this month and fut: /CME/GCK2018/  <class 'Exception'>, 23, No contract for this month [in futures_curve.py:29]
2017-06-12 15:18:52,507 INFO: No contract for this month and fut: /CME/GCN2018/  <class 'Exception'>, 23, No contract for this month [in futures_curve.py:29]
2017-06-12 15:18:52,884 INFO: No contract for this month and fut: /CME/GCU2018/  <class 'Exception'>, 23, No contract for this month [in futures_curve.py:29]
2017-06-12 15:18:53,260 INFO: No contract for this month and fut: /CME/GCX2018/  <class 'Exception'>, 23, No contract for this month [in futures_curve.py:29]
2017-06-12 15:18:53,654 INFO: No contract for this month and fut: /CME/GCF2019/  <class 'Exception'>, 23, No contract for this month [in futures_curve.py:29]
2017-06-12 15:18:54,044 INFO: No contract for this month and fut: /CME/GCH2019/  <class 'Exception'>, 23, No contract for this month [in futures_curve.py:29]
2017-06-12 15:18:54,428 INFO: No contract for this month and fut: /CME/GCK2019/  <class 'Exception'>, 23, No contract for this month [in futures_curve.py:29]
2017-06-12 15:18:54,829 INFO: No contract for this month and fut: /CME/GCN2019/  <class 'Exception'>, 23, No contract for this month [in futures_curve.py:29]
2017-06-12 15:18:55,027 INFO: No contract for this month and fut: /CME/GCQ2019/  <class 'Exception'>, 23, No contract for this month [in futures_curve.py:29]
2017-06-12 15:18:55,219 INFO: No contract for this month and fut: /CME/GCU2019/  <class 'Exception'>, 23, No contract for this month [in futures_curve.py:29]
2017-06-12 15:18:55,397 INFO: No contract for this month and fut: /CME/GCV2019/  <class 'Exception'>, 23, No contract for this month [in futures_curve.py:29]
2017-06-12 15:18:55,574 INFO: No contract for this month and fut: /CME/GCX2019/  <class 'Exception'>, 23, No contract for this month [in futures_curve.py:29]
2017-06-12 15:18:55,942 INFO: No contract for this month and fut: /CME/GCF2020/  <class 'Exception'>, 23, No contract for this month [in futures_curve.py:29]
2017-06-12 15:18:56,065 INFO: No contract for this month and fut: /CME/GCG2020/  <class 'Exception'>, 23, No contract for this month [in futures_curve.py:29]
2017-06-12 15:18:56,250 INFO: No contract for this month and fut: /CME/GCH2020/  <class 'Exception'>, 23, No contract for this month [in futures_curve.py:29]
2017-06-12 15:18:56,426 INFO: No contract for this month and fut: /CME/GCJ2020/  <class 'Exception'>, 23, No contract for this month [in futures_curve.py:29]
2017-06-12 15:18:56,598 INFO: No contract for this month and fut: /CME/GCK2020/  <class 'Exception'>, 23, No contract for this month [in futures_curve.py:29]
